{"level":"info","url":"/","date":"2018-02-06T17:17:10.519Z"}
{"level":"info","url":"/favicon.ico","date":"2018-02-06T17:17:11.479Z"}
{"level":"info","url":"/","date":"2018-02-06T17:18:39.115Z"}
{"level":"info","url":"/favicon.ico","date":"2018-02-06T17:18:39.618Z"}
{"level":"info","url":"/favicon.ico","date":"2018-02-06T17:23:05.253Z"}
{"level":"info","url":"/favicon.ico","date":"2018-02-06T17:33:08.947Z"}
{"level":"info","url":"/blogs%D0%BE","date":"2018-02-06T17:33:12.407Z"}
{"level":"info","url":"/favicon.ico","date":"2018-02-06T17:33:13.060Z"}
{"level":"info","url":"/blogs/jj/kkkkkkk","date":"2018-02-06T17:33:35.159Z"}
{"level":"info","url":"/favicon.ico","date":"2018-02-06T17:33:36.103Z"}
{"level":"info","url":"/blogs0","date":"2018-02-06T17:40:29.975Z"}
{"level":"info","url":"/","date":"2018-02-13T14:46:36.977Z"}
{"level":"info","url":"/favicon.ico","date":"2018-02-13T14:46:38.494Z"}
{"level":"info","url":"/blogs","date":"2018-02-13T14:46:43.904Z"}
{"level":"info","url":"/favicon.ico","date":"2018-02-13T14:46:44.069Z"}
{"level":"info","url":"/blogs","date":"2018-02-13T14:50:14.174Z"}
{"level":"info","url":"/favicon.ico","date":"2018-02-13T14:50:14.344Z"}
{"level":"info","url":"/blogs","date":"2018-02-13T14:50:32.614Z"}
{"level":"info","url":"/favicon.ico","date":"2018-02-13T14:50:32.778Z"}
{"level":"info","url":"/blogs","date":"2018-02-13T14:50:33.765Z"}
{"level":"info","url":"/favicon.ico","date":"2018-02-13T14:50:33.868Z"}
{"level":"info","url":"/blogs","date":"2018-02-13T14:50:44.787Z"}
{"level":"info","url":"/favicon.ico","date":"2018-02-13T14:50:44.941Z"}
{"level":"info","url":"/blogs","date":"2018-02-13T14:52:07.564Z"}
{"level":"info","url":"/favicon.ico","date":"2018-02-13T14:52:07.721Z"}
{"level":"info","url":"/blogs","date":"2018-02-13T14:52:22.839Z"}
{"level":"info","url":"/favicon.ico","date":"2018-02-13T14:52:23.008Z"}
{"level":"info","url":"/blogs","date":"2018-02-13T14:52:41.187Z"}
{"level":"info","url":"/favicon.ico","date":"2018-02-13T14:52:41.341Z"}
{"level":"info","url":"/blogs","date":"2018-02-13T14:54:36.304Z"}
{"level":"info","url":"/favicon.ico","date":"2018-02-13T14:54:36.464Z"}
{"level":"info","url":"/blogs","date":"2018-02-13T14:54:48.241Z"}
{"level":"info","url":"/favicon.ico","date":"2018-02-13T14:54:48.385Z"}
{"level":"info","url":"/blogs","date":"2018-02-13T14:55:15.044Z"}
{"level":"info","url":"/favicon.ico","date":"2018-02-13T14:55:15.194Z"}
{"level":"info","url":"/blogs","date":"2018-02-13T15:02:18.555Z"}
{"level":"info","url":"/blogs","date":"2018-02-13T15:04:00.606Z"}
{"level":"info","url":"/blogs","date":"2018-02-13T15:05:05.765Z"}
{"level":"info","url":"/blogs","date":"2018-02-14T08:34:41.540Z"}
{"level":"info","url":"/favicon.ico","date":"2018-02-14T08:34:41.829Z"}
{"level":"info","url":"/blogs","date":"2018-02-14T08:35:45.143Z"}
{"level":"info","url":"/blogs","date":"2018-02-14T08:36:01.827Z"}
{"level":"info","url":"/favicon.ico","date":"2018-02-14T08:36:02.010Z"}
{"level":"info","url":"/blogs","date":"2018-02-14T08:41:42.740Z"}
{"level":"info","url":"/favicon.ico","date":"2018-02-14T08:41:42.907Z"}
{"level":"info","url":"/blogs","date":"2018-02-14T08:41:58.382Z"}
{"level":"info","url":"/favicon.ico","date":"2018-02-14T08:41:58.544Z"}
{"level":"info","url":"/blogs/5a82fe9f3c0cc93a4832727b","date":"2018-02-14T08:42:13.587Z"}
{"level":"info","url":"/favicon.ico","date":"2018-02-14T08:42:13.735Z"}
{"level":"info","url":"/blogs/5a82fe9f3c0cc93a4832727b","date":"2018-02-14T08:54:17.117Z"}
{"level":"info","url":"/favicon.ico","date":"2018-02-14T08:54:17.285Z"}
{"level":"info","url":"/blogs","date":"2018-02-14T08:54:20.774Z"}
{"level":"info","url":"/favicon.ico","date":"2018-02-14T08:54:20.901Z"}
{"level":"info","url":"/blogs","date":"2018-02-14T08:55:11.811Z"}
{"level":"info","url":"/blogs/111","date":"2018-02-14T08:57:02.596Z"}
{"level":"info","url":"/blogs/111","date":"2018-02-14T08:58:10.777Z"}
{"level":"info","url":"/blogs","date":"2018-02-14T08:58:25.619Z"}
{"level":"info","url":"/blogs","date":"2018-02-14T09:33:25.425Z"}
{"level":"info","url":"/blogs/111","date":"2018-02-14T09:33:42.416Z"}
{"level":"info","url":"/blogs","date":"2018-02-14T09:33:54.287Z"}
{"level":"info","url":"/blogs","date":"2018-02-14T09:36:02.752Z"}
{"level":"info","url":"/blogs","date":"2018-02-14T09:36:52.732Z"}
{"level":"info","url":"/blogs","date":"2018-02-14T09:38:12.695Z"}
{"level":"info","url":"/blogs","date":"2018-02-14T09:38:25.876Z"}
{"level":"info","url":"/blogs","date":"2018-02-14T09:39:49.780Z"}
{"level":"info","url":"/blogs","date":"2018-02-14T09:40:07.617Z"}
{"level":"info","url":"/blogs","date":"2018-02-14T09:40:31.199Z"}
{"level":"info","url":"/blogs","date":"2018-02-14T09:41:19.240Z"}
{"level":"info","url":"/blogs","date":"2018-02-14T09:42:09.979Z"}
{"level":"info","url":"/blogs","date":"2018-02-14T09:43:41.191Z"}
{"level":"info","url":"/blogs","date":"2018-02-14T09:44:33.784Z"}
{"level":"info","url":"/blogs","date":"2018-02-14T09:45:08.110Z"}
{"level":"info","url":"/blogs/111","date":"2018-02-14T09:47:02.001Z"}
{"level":"info","url":"/blogs/111","date":"2018-02-14T09:49:10.911Z"}
{"level":"info","url":"/blogs/111","date":"2018-02-14T09:49:27.628Z"}
{"level":"info","url":"/blogs/111","date":"2018-02-14T09:52:09.336Z"}
{"level":"info","url":"/blogs","date":"2018-02-14T10:02:15.661Z"}
{"level":"info","url":"/blogs/5a82fe9f3c0cc93a4832727b","date":"2018-02-14T10:02:34.204Z"}
{"level":"info","url":"/blogs","date":"2018-02-14T10:02:41.851Z"}
{"level":"info","url":"/blogs/5a82fe9f3c0cc93a4832727b","date":"2018-02-14T10:02:59.766Z"}
{"level":"info","url":"/blogs","date":"2018-02-14T10:03:09.652Z"}
{"level":"info","url":"/blogs/5a84050117ef7921803d3035","date":"2018-02-14T10:03:29.323Z"}
{"level":"info","url":"/blogs/5a84050117ef7921803d3035","date":"2018-02-14T10:03:31.640Z"}
{"level":"info","url":"/blogs","date":"2018-02-14T10:03:39.710Z"}
{"level":"info","url":"/blogs/5a84050117ef7921803d3036","date":"2018-02-14T10:12:26.595Z"}
{"level":"info","url":"/blogs/5a84050117ef7921803d3036","date":"2018-02-14T10:13:13.347Z"}
{"level":"info","url":"/blogs","date":"2018-02-14T10:13:38.550Z"}
{"level":"info","url":"/blogs/5a84050117ef7921803d3035","date":"2018-02-14T10:14:43.751Z"}
{"level":"info","url":"/blogs/5a84050117ef7921803d3035","date":"2018-02-14T10:15:01.003Z"}
{"level":"info","url":"/blogs","date":"2018-02-14T10:16:50.093Z"}
{"level":"info","url":"/blogs","date":"2018-02-14T10:17:28.052Z"}
{"level":"info","url":"/blogs","date":"2018-02-14T10:20:47.572Z"}
{"level":"info","url":"/blogs/111","date":"2018-02-14T10:21:11.148Z"}
{"level":"info","url":"/blogs/111323232","date":"2018-02-14T10:21:23.289Z"}
{"level":"info","url":"/blogs","date":"2018-02-14T10:21:28.655Z"}
{"level":"info","url":"/blogs/111","date":"2018-02-14T10:21:43.306Z"}
{"level":"info","url":"/blogs","date":"2018-02-14T10:21:52.966Z"}
{"level":"info","url":"/blogs","date":"2018-02-14T10:22:44.996Z"}
{"level":"info","url":"/blogs","date":"2018-02-14T10:23:32.319Z"}
{"level":"info","url":"/blogs","date":"2018-02-14T10:23:41.996Z"}
{"level":"info","url":"/blogs","date":"2018-02-14T10:23:44.217Z"}
{"level":"info","url":"/blogs","date":"2018-02-14T10:23:55.929Z"}
{"level":"info","url":"/blogs","date":"2018-02-14T10:24:35.157Z"}
{"level":"info","url":"/blogs","date":"2018-02-14T10:24:46.412Z"}
{"level":"info","url":"/blogs/444444","date":"2018-02-14T10:25:25.251Z"}
{"level":"info","url":"/blogs","date":"2018-02-14T10:25:38.605Z"}
{"level":"info","url":"/blogs/444444","date":"2018-02-14T10:26:00.028Z"}
{"level":"info","url":"/blogs/444444","date":"2018-02-14T10:26:13.833Z"}
{"level":"info","url":"/blogs","date":"2018-02-14T10:26:20.826Z"}
{"level":"info","url":"/blogs","date":"2018-02-14T10:27:03.099Z"}
{"level":"info","url":"/blogs","date":"2018-02-14T10:27:17.081Z"}
{"level":"info","url":"/blogs","date":"2018-02-14T10:27:24.944Z"}
{"level":"info","url":"/blogs/444444","date":"2018-02-14T10:27:34.145Z"}
{"level":"info","url":"/blogs","date":"2018-02-14T10:27:39.786Z"}
{"level":"info","url":"/blogs/444444","date":"2018-02-14T10:27:45.437Z"}
{"level":"info","url":"/blogs","date":"2018-02-14T10:27:49.334Z"}
{"level":"info","url":"/blogs","date":"2018-02-14T10:42:03.172Z"}
{"level":"info","url":"/blogs","date":"2018-02-14T10:42:13.002Z"}
{"level":"info","url":"/blogs","date":"2018-02-14T10:42:17.741Z"}
{"level":"info","url":"/blogs/11111","date":"2018-02-14T10:43:02.766Z"}
{"level":"info","url":"/blogs","date":"2018-02-14T10:43:15.511Z"}
{"level":"info","url":"/blogs","date":"2018-02-14T11:47:23.794Z"}
{"level":"info","url":"/blogs/444444","date":"2018-02-14T11:47:32.924Z"}
{"level":"info","url":"/blogs/444444","date":"2018-02-14T11:49:33.008Z"}
{"level":"info","url":"/blogs/444444","date":"2018-02-14T11:50:02.348Z"}
{"level":"info","url":"/blogs/444444","date":"2018-02-14T11:50:40.163Z"}
{"level":"info","url":"/blogs/444444","date":"2018-02-14T11:51:06.386Z"}
{"level":"info","url":"/blogs/444444","date":"2018-02-14T11:51:28.632Z"}
{"level":"info","url":"/blogs/444444","date":"2018-02-14T11:57:44.498Z"}
{"level":"info","url":"/blogs/444444","date":"2018-02-14T11:58:08.202Z"}
{"level":"info","url":"/blogs/444444","date":"2018-02-14T11:58:55.949Z"}
{"level":"info","url":"/blogs/444444","date":"2018-02-14T11:59:13.305Z"}
{"level":"info","url":"/blogs/444444","date":"2018-02-14T11:59:36.477Z"}
{"level":"info","url":"/blogs/444444","date":"2018-02-14T12:01:24.666Z"}
{"level":"info","url":"/blogs/444444","date":"2018-02-14T12:02:22.101Z"}
{"level":"info","url":"/blogs/444444","date":"2018-02-14T12:02:41.648Z"}
{"level":"info","url":"/blogs/444444","date":"2018-02-14T12:03:03.654Z"}
{"level":"info","url":"/blogs/444444","date":"2018-02-14T12:03:18.041Z"}
{"level":"info","url":"/users","date":"2018-02-14T13:51:08.499Z"}
{"level":"info","url":"/users","date":"2018-02-14T13:52:59.721Z"}
{"level":"info","url":"/users","date":"2018-02-14T13:53:10.442Z"}
{"level":"info","url":"/users","date":"2018-02-14T13:53:12.247Z"}
{"level":"info","url":"/","date":"2018-02-14T15:42:08.534Z"}
{"level":"info","url":"/favicon.ico","date":"2018-02-14T15:42:09.088Z"}
{"level":"info","url":"/","date":"2018-02-14T15:42:19.586Z"}
{"level":"info","url":"/favicon.ico","date":"2018-02-14T15:42:19.739Z"}
{"level":"info","url":"/?","date":"2018-02-14T15:42:22.499Z"}
{"level":"info","url":"/favicon.ico","date":"2018-02-14T15:42:22.547Z"}
{"level":"info","url":"/?","date":"2018-02-14T15:42:33.531Z"}
{"level":"info","url":"/favicon.ico","date":"2018-02-14T15:42:33.735Z"}
{"level":"info","url":"/?","date":"2018-02-14T15:42:47.418Z"}
{"level":"info","url":"/favicon.ico","date":"2018-02-14T15:42:47.649Z"}
{"level":"info","url":"/?","date":"2018-02-14T15:43:42.313Z"}
{"level":"info","url":"/favicon.ico","date":"2018-02-14T15:43:42.491Z"}
{"level":"info","url":"/?","date":"2018-02-14T15:43:44.160Z"}
{"level":"info","url":"/favicon.ico","date":"2018-02-14T15:43:44.335Z"}
{"level":"info","url":"/?","date":"2018-02-14T15:43:44.976Z"}
{"level":"info","url":"/favicon.ico","date":"2018-02-14T15:43:45.140Z"}
{"level":"info","url":"/?","date":"2018-02-14T15:43:45.736Z"}
{"level":"info","url":"/favicon.ico","date":"2018-02-14T15:43:45.928Z"}
{"level":"info","url":"/?","date":"2018-02-14T15:43:46.400Z"}
{"level":"info","url":"/favicon.ico","date":"2018-02-14T15:43:46.568Z"}
{"level":"info","url":"/?","date":"2018-02-14T15:43:46.904Z"}
{"level":"info","url":"/favicon.ico","date":"2018-02-14T15:43:47.074Z"}
{"level":"info","url":"/?","date":"2018-02-14T15:43:47.361Z"}
{"level":"info","url":"/favicon.ico","date":"2018-02-14T15:43:47.521Z"}
{"level":"info","url":"/?","date":"2018-02-14T15:43:47.881Z"}
{"level":"info","url":"/favicon.ico","date":"2018-02-14T15:43:48.051Z"}
{"level":"info","url":"/user","date":"2018-02-14T15:44:12.605Z"}
{"level":"info","url":"/favicon.ico","date":"2018-02-14T15:44:12.786Z"}
{"level":"info","url":"/favicon.ico","date":"2018-02-14T15:44:16.559Z"}
{"level":"info","url":"/users","date":"2018-02-14T15:54:24.370Z"}
{"level":"info","url":"/users","date":"2018-02-14T16:06:37.001Z"}
